d:\vj\2dgame-fib\game\2dgame\nes-smb\nes-smb\debug\vc140.pdb
d:\vj\2dgame-fib\game\2dgame\nes-smb\nes-smb\debug\vc140.idb
d:\vj\2dgame-fib\game\2dgame\nes-smb\nes-smb\debug\game.obj
d:\vj\2dgame-fib\game\2dgame\nes-smb\nes-smb\debug\main.obj
d:\vj\2dgame-fib\game\2dgame\nes-smb\nes-smb\debug\player.obj
d:\vj\2dgame-fib\game\2dgame\nes-smb\nes-smb\debug\scene.obj
d:\vj\2dgame-fib\game\2dgame\nes-smb\nes-smb\debug\shader.obj
d:\vj\2dgame-fib\game\2dgame\nes-smb\nes-smb\debug\shaderprogram.obj
d:\vj\2dgame-fib\game\2dgame\nes-smb\nes-smb\debug\sprite.obj
d:\vj\2dgame-fib\game\2dgame\nes-smb\nes-smb\debug\texture.obj
d:\vj\2dgame-fib\game\2dgame\nes-smb\nes-smb\debug\tilemap.obj
d:\vj\2dgame-fib\game\2dgame\nes-smb\debug\nes-smb.ilk
d:\vj\2dgame-fib\game\2dgame\nes-smb\debug\nes-smb.exe
d:\vj\2dgame-fib\game\2dgame\nes-smb\debug\nes-smb.pdb
d:\vj\2dgame-fib\game\2dgame\nes-smb\nes-smb\debug\nes-smb.tlog\cl.command.1.tlog
d:\vj\2dgame-fib\game\2dgame\nes-smb\nes-smb\debug\nes-smb.tlog\cl.read.1.tlog
d:\vj\2dgame-fib\game\2dgame\nes-smb\nes-smb\debug\nes-smb.tlog\cl.write.1.tlog
d:\vj\2dgame-fib\game\2dgame\nes-smb\nes-smb\debug\nes-smb.tlog\link.command.1.tlog
d:\vj\2dgame-fib\game\2dgame\nes-smb\nes-smb\debug\nes-smb.tlog\link.read.1.tlog
d:\vj\2dgame-fib\game\2dgame\nes-smb\nes-smb\debug\nes-smb.tlog\link.write.1.tlog
