  BlockSprite.cpp
  Brick.cpp
  Enemy.cpp
  Flag.cpp
  Game.cpp
  Goomba.cpp
  Koopa.cpp
  MainScene.cpp
  PlayScene.cpp
PlayScene.cpp(73): warning C4018: '<': signed/unsigned mismatch
PlayScene.cpp(86): warning C4018: '<': signed/unsigned mismatch
  Player.cpp
  Question.cpp
  Text.cpp
  TileMap.cpp
  main.cpp
SOIL.lib(SOIL.obj) : warning LNK4075: ignoring '/EDITANDCONTINUE' due to '/OPT:ICF' specification
LINK : warning LNK4098: defaultlib 'MSVCRTD' conflicts with use of other libs; use /NODEFAULTLIB:library
  Generating code
  276 of 1084 functions (25.5%) were compiled, the rest were copied from previous compilation.
    210 functions were new in current compilation
    67 functions had inline decision re-evaluated but remain unchanged
  Finished generating code
SOIL.lib(image_DXT.obj) : warning LNK4099: PDB 'vc100.pdb' was not found with 'SOIL.lib(image_DXT.obj)' or at 'D:\VJ\2DGame-FIB\NES-SMB\2DGame\NES-SMB\Release\vc100.pdb'; linking object as if no debug info
SOIL.lib(image_helper.obj) : warning LNK4099: PDB 'vc100.pdb' was not found with 'SOIL.lib(image_helper.obj)' or at 'D:\VJ\2DGame-FIB\NES-SMB\2DGame\NES-SMB\Release\vc100.pdb'; linking object as if no debug info
SOIL.lib(SOIL.obj) : warning LNK4099: PDB 'vc100.pdb' was not found with 'SOIL.lib(SOIL.obj)' or at 'D:\VJ\2DGame-FIB\NES-SMB\2DGame\NES-SMB\Release\vc100.pdb'; linking object as if no debug info
SOIL.lib(stb_image_aug.obj) : warning LNK4099: PDB 'vc100.pdb' was not found with 'SOIL.lib(stb_image_aug.obj)' or at 'D:\VJ\2DGame-FIB\NES-SMB\2DGame\NES-SMB\Release\vc100.pdb'; linking object as if no debug info
  NES-SMB.vcxproj -> D:\VJ\2DGame-FIB\NES-SMB\2DGame\NES-SMB\Release\NES-SMB.exe
  NES-SMB.vcxproj -> D:\VJ\2DGame-FIB\NES-SMB\2DGame\NES-SMB\Release\NES-SMB.pdb (Full PDB)
