c:\users\daniel\desktop\uni\vj\git\2dgame-fib\nes-smb\2dgame\nes-smb\nes-smb\release\vc140.pdb
c:\users\daniel\desktop\uni\vj\git\2dgame-fib\nes-smb\2dgame\nes-smb\nes-smb\release\texture.obj
c:\users\daniel\desktop\uni\vj\git\2dgame-fib\nes-smb\2dgame\nes-smb\nes-smb\release\text.obj
c:\users\daniel\desktop\uni\vj\git\2dgame-fib\nes-smb\2dgame\nes-smb\nes-smb\release\sprite.obj
c:\users\daniel\desktop\uni\vj\git\2dgame-fib\nes-smb\2dgame\nes-smb\nes-smb\release\enemy.obj
c:\users\daniel\desktop\uni\vj\git\2dgame-fib\nes-smb\2dgame\nes-smb\nes-smb\release\shaderprogram.obj
c:\users\daniel\desktop\uni\vj\git\2dgame-fib\nes-smb\2dgame\nes-smb\nes-smb\release\shader.obj
c:\users\daniel\desktop\uni\vj\git\2dgame-fib\nes-smb\2dgame\nes-smb\nes-smb\release\question.obj
c:\users\daniel\desktop\uni\vj\git\2dgame-fib\nes-smb\2dgame\nes-smb\nes-smb\release\playscene.obj
c:\users\daniel\desktop\uni\vj\git\2dgame-fib\nes-smb\2dgame\nes-smb\nes-smb\release\player.obj
c:\users\daniel\desktop\uni\vj\git\2dgame-fib\nes-smb\2dgame\nes-smb\nes-smb\release\mainscene.obj
c:\users\daniel\desktop\uni\vj\git\2dgame-fib\nes-smb\2dgame\nes-smb\nes-smb\release\main.obj
c:\users\daniel\desktop\uni\vj\git\2dgame-fib\nes-smb\2dgame\nes-smb\nes-smb\release\koopa.obj
c:\users\daniel\desktop\uni\vj\git\2dgame-fib\nes-smb\2dgame\nes-smb\nes-smb\release\instructionscene.obj
c:\users\daniel\desktop\uni\vj\git\2dgame-fib\nes-smb\2dgame\nes-smb\nes-smb\release\goomba.obj
c:\users\daniel\desktop\uni\vj\git\2dgame-fib\nes-smb\2dgame\nes-smb\nes-smb\release\gamescene.obj
c:\users\daniel\desktop\uni\vj\git\2dgame-fib\nes-smb\2dgame\nes-smb\nes-smb\release\game.obj
c:\users\daniel\desktop\uni\vj\git\2dgame-fib\nes-smb\2dgame\nes-smb\nes-smb\release\flag.obj
c:\users\daniel\desktop\uni\vj\git\2dgame-fib\nes-smb\2dgame\nes-smb\nes-smb\release\creditscene.obj
c:\users\daniel\desktop\uni\vj\git\2dgame-fib\nes-smb\2dgame\nes-smb\nes-smb\release\brick.obj
c:\users\daniel\desktop\uni\vj\git\2dgame-fib\nes-smb\2dgame\nes-smb\nes-smb\release\blocksprite.obj
c:\users\daniel\desktop\uni\vj\git\2dgame-fib\nes-smb\2dgame\nes-smb\nes-smb\release\tilemap.obj
c:\users\daniel\desktop\uni\vj\git\2dgame-fib\nes-smb\2dgame\nes-smb\release\nes-smb.exe
c:\users\daniel\desktop\uni\vj\git\2dgame-fib\nes-smb\2dgame\nes-smb\release\nes-smb.ipdb
c:\users\daniel\desktop\uni\vj\git\2dgame-fib\nes-smb\2dgame\nes-smb\release\nes-smb.iobj
c:\users\daniel\desktop\uni\vj\git\2dgame-fib\nes-smb\2dgame\nes-smb\release\nes-smb.pdb
c:\users\daniel\desktop\uni\vj\git\2dgame-fib\nes-smb\2dgame\nes-smb\nes-smb\release\nes-smb.tlog\cl.command.1.tlog
c:\users\daniel\desktop\uni\vj\git\2dgame-fib\nes-smb\2dgame\nes-smb\nes-smb\release\nes-smb.tlog\cl.read.1.tlog
c:\users\daniel\desktop\uni\vj\git\2dgame-fib\nes-smb\2dgame\nes-smb\nes-smb\release\nes-smb.tlog\cl.write.1.tlog
c:\users\daniel\desktop\uni\vj\git\2dgame-fib\nes-smb\2dgame\nes-smb\nes-smb\release\nes-smb.tlog\link.command.1.tlog
c:\users\daniel\desktop\uni\vj\git\2dgame-fib\nes-smb\2dgame\nes-smb\nes-smb\release\nes-smb.tlog\link.read.1.tlog
c:\users\daniel\desktop\uni\vj\git\2dgame-fib\nes-smb\2dgame\nes-smb\nes-smb\release\nes-smb.tlog\link.write.1.tlog
